2017-01-19 23:13:09,911 [10] INFO  Server.Program [(null)] - Ports are not using.
2017-01-19 23:13:11,627 [10] INFO  Server.Program [(null)] - Try connecting to SQL. Sec(0)
2017-01-19 23:13:11,681 [10] INFO  Server.Program [(null)] - Config count, 1
2017-01-19 23:14:14,667 [8] INFO  Server.Program [(null)] - Ports are not using.
2017-01-19 23:14:16,246 [8] INFO  Server.Program [(null)] - Try connecting to SQL. Sec(0)
2017-01-19 23:14:16,289 [8] INFO  Server.Program [(null)] - Config count, 1
2017-01-19 23:14:19,671 [17] ERROR Server.Program [(null)] - System.InvalidOperationException: Nullable object must have a value.
   at System.ThrowHelper.ThrowInvalidOperationException(ExceptionResource resource)
   at System.Nullable`1.get_Value()
   at Server.Serverfrm.speedtest() in d:\MC\Server\Serverfrm.cs:line 1165
2017-01-19 23:14:43,637 [8] INFO  Server.Program [(null)] - Ports are not using.
2017-01-19 23:14:44,721 [8] INFO  Server.Program [(null)] - Try connecting to SQL. Sec(0)
2017-01-19 23:14:44,752 [8] INFO  Server.Program [(null)] - Config count, 1
2017-01-19 23:18:19,193 [9] INFO  Server.Program [(null)] - Ports are not using.
2017-01-19 23:18:20,276 [9] INFO  Server.Program [(null)] - Try connecting to SQL. Sec(0)
2017-01-19 23:18:20,311 [9] INFO  Server.Program [(null)] - Config count, 1
2017-01-19 23:19:00,737 [8] INFO  Server.Program [(null)] - Ports are not using.
2017-01-19 23:19:01,821 [8] INFO  Server.Program [(null)] - Try connecting to SQL. Sec(0)
2017-01-19 23:19:01,864 [8] INFO  Server.Program [(null)] - Config count, 1
2017-01-19 23:22:43,050 [7] INFO  Server.Program [(null)] - Ports are not using.
2017-01-19 23:22:44,116 [7] INFO  Server.Program [(null)] - Try connecting to SQL. Sec(0)
2017-01-19 23:22:44,146 [7] INFO  Server.Program [(null)] - Config count, 1
2017-01-19 23:25:36,037 [16] INFO  Server.Program [(null)] - 192.168.1.3,  connect.
2017-01-19 23:25:37,615 [16] INFO  Server.Program [(null)] - 192.168.1.3 , init.
2017-01-19 23:26:14,826 [8] INFO  Server.Program [(null)] - Ports are not using.
2017-01-19 23:26:15,880 [8] INFO  Server.Program [(null)] - Try connecting to SQL. Sec(0)
2017-01-19 23:26:15,918 [8] INFO  Server.Program [(null)] - Config count, 1
2017-01-19 23:26:19,660 [19] INFO  Server.Program [(null)] - 192.168.1.3,  connect.
2017-01-19 23:30:37,882 [11] INFO  Server.Program [(null)] - 192.168.1.3 ,disconnect
2017-01-19 23:38:03,493 [8] INFO  Server.Program [(null)] - Ports are not using.
2017-01-19 23:38:04,559 [8] INFO  Server.Program [(null)] - Try connecting to SQL. Sec(0)
2017-01-19 23:38:04,633 [8] INFO  Server.Program [(null)] - Config count, 1
